2025-01-13T00:00:04.245+01:00  INFO 31364 --- [http-nio-8888-exec-1] o.a.c.c.C.[Tomcat].[localhost].[/]       : Initializing Spring DispatcherServlet 'dispatcherServlet'
2025-01-13T00:00:04.260+01:00  INFO 31364 --- [http-nio-8888-exec-1] o.s.web.servlet.DispatcherServlet        : Initializing Servlet 'dispatcherServlet'
2025-01-13T00:00:04.260+01:00 DEBUG 31364 --- [http-nio-8888-exec-1] o.s.web.servlet.DispatcherServlet        : Detected StandardServletMultipartResolver
2025-01-13T00:00:04.260+01:00 DEBUG 31364 --- [http-nio-8888-exec-1] o.s.web.servlet.DispatcherServlet        : Detected AcceptHeaderLocaleResolver
2025-01-13T00:00:04.263+01:00 DEBUG 31364 --- [http-nio-8888-exec-1] o.s.web.servlet.DispatcherServlet        : Detected FixedThemeResolver
2025-01-13T00:00:04.263+01:00 DEBUG 31364 --- [http-nio-8888-exec-1] o.s.web.servlet.DispatcherServlet        : Detected org.springframework.web.servlet.view.DefaultRequestToViewNameTranslator@2ceb722e
2025-01-13T00:00:04.263+01:00 DEBUG 31364 --- [http-nio-8888-exec-1] o.s.web.servlet.DispatcherServlet        : Detected org.springframework.web.servlet.support.SessionFlashMapManager@9751c9
2025-01-13T00:00:04.263+01:00 DEBUG 31364 --- [http-nio-8888-exec-1] o.s.web.servlet.DispatcherServlet        : enableLoggingRequestDetails='false': request parameters and headers will be masked to prevent unsafe logging of potentially sensitive data
2025-01-13T00:00:04.263+01:00  INFO 31364 --- [http-nio-8888-exec-1] o.s.web.servlet.DispatcherServlet        : Completed initialization in 3 ms
2025-01-13T00:00:04.280+01:00 DEBUG 31364 --- [http-nio-8888-exec-1] o.s.web.servlet.DispatcherServlet        : GET "/recentes", parameters={}
2025-01-13T00:00:04.313+01:00 DEBUG 31364 --- [http-nio-8888-exec-1] org.hibernate.SQL                        : select c1_0.id,c1_0.date,c1_0.description,c1_0.montant,c1_0.quantite from commande c1_0 where c1_0.date>?
2025-01-13T00:00:04.531+01:00 DEBUG 31364 --- [http-nio-8888-exec-1] o.s.web.servlet.DispatcherServlet        : Completed 200 OK
2025-01-13T00:00:04.585+01:00 DEBUG 31364 --- [http-nio-8888-exec-2] o.s.web.servlet.DispatcherServlet        : GET "/favicon.ico", parameters={}
2025-01-13T00:00:04.614+01:00 DEBUG 31364 --- [http-nio-8888-exec-2] o.s.web.servlet.DispatcherServlet        : Completed 500 INTERNAL_SERVER_ERROR
2025-01-13T00:00:05.740+01:00 DEBUG 31364 --- [http-nio-8888-exec-4] o.s.web.servlet.DispatcherServlet        : GET "/recentes", parameters={}
2025-01-13T00:00:05.740+01:00 DEBUG 31364 --- [http-nio-8888-exec-4] org.hibernate.SQL                        : select c1_0.id,c1_0.date,c1_0.description,c1_0.montant,c1_0.quantite from commande c1_0 where c1_0.date>?
2025-01-13T00:00:05.767+01:00 DEBUG 31364 --- [http-nio-8888-exec-4] o.s.web.servlet.DispatcherServlet        : Completed 200 OK
2025-01-13T00:00:05.800+01:00 DEBUG 31364 --- [http-nio-8888-exec-6] o.s.web.servlet.DispatcherServlet        : GET "/favicon.ico", parameters={}
2025-01-13T00:00:05.815+01:00 DEBUG 31364 --- [http-nio-8888-exec-6] o.s.web.servlet.DispatcherServlet        : Completed 500 INTERNAL_SERVER_ERROR
2025-01-13T00:00:15.690+01:00 DEBUG 31364 --- [http-nio-8888-exec-5] o.s.web.servlet.DispatcherServlet        : GET "/recentes", parameters={}
2025-01-13T00:00:15.699+01:00 DEBUG 31364 --- [http-nio-8888-exec-5] org.hibernate.SQL                        : select c1_0.id,c1_0.date,c1_0.description,c1_0.montant,c1_0.quantite from commande c1_0 where c1_0.date>?
2025-01-13T00:00:15.720+01:00 DEBUG 31364 --- [http-nio-8888-exec-5] o.s.web.servlet.DispatcherServlet        : Completed 200 OK
2025-01-13T00:00:15.760+01:00 DEBUG 31364 --- [http-nio-8888-exec-10] o.s.web.servlet.DispatcherServlet        : GET "/favicon.ico", parameters={}
2025-01-13T00:00:15.760+01:00 DEBUG 31364 --- [http-nio-8888-exec-10] o.s.web.servlet.DispatcherServlet        : Completed 500 INTERNAL_SERVER_ERROR
2025-01-13T00:00:38.172+01:00 DEBUG 31364 --- [http-nio-8888-exec-7] o.s.web.servlet.DispatcherServlet        : GET "//actuator/refresh", parameters={}
2025-01-13T00:00:38.178+01:00 DEBUG 31364 --- [http-nio-8888-exec-7] o.s.web.servlet.DispatcherServlet        : Completed 500 INTERNAL_SERVER_ERROR
2025-01-13T00:00:46.800+01:00 DEBUG 31364 --- [http-nio-8888-exec-8] o.s.web.servlet.DispatcherServlet        : GET "/actuator/refresh", parameters={}
2025-01-13T00:00:46.804+01:00 DEBUG 31364 --- [http-nio-8888-exec-8] o.s.web.servlet.DispatcherServlet        : Completed 500 INTERNAL_SERVER_ERROR
2025-01-13T00:01:28.137+01:00 DEBUG 31364 --- [http-nio-8888-exec-9] o.s.web.servlet.DispatcherServlet        : POST "/actuator/refresh", parameters={}
2025-01-13T00:01:28.137+01:00 DEBUG 31364 --- [http-nio-8888-exec-9] s.b.a.e.w.s.WebMvcEndpointHandlerMapping : Mapped to Actuator web endpoint 'refresh'
2025-01-13T00:01:28.516+01:00 DEBUG 31364 --- [http-nio-8888-exec-9] o.s.web.servlet.DispatcherServlet        : Completed 200 OK
2025-01-13T00:01:32.394+01:00 DEBUG 31364 --- [http-nio-8888-exec-3] o.s.web.servlet.DispatcherServlet        : GET "/home", parameters={}
2025-01-13T00:01:32.394+01:00 DEBUG 31364 --- [http-nio-8888-exec-3] org.hibernate.SQL                        : select c1_0.id,c1_0.date,c1_0.description,c1_0.montant,c1_0.quantite from commande c1_0
2025-01-13T00:01:32.419+01:00 DEBUG 31364 --- [http-nio-8888-exec-3] o.s.web.servlet.DispatcherServlet        : Completed 200 OK
2025-01-13T00:01:32.485+01:00 DEBUG 31364 --- [http-nio-8888-exec-1] o.s.web.servlet.DispatcherServlet        : GET "/api/commandes", parameters={}
2025-01-13T00:01:32.490+01:00 DEBUG 31364 --- [http-nio-8888-exec-1] org.hibernate.SQL                        : select count(*) from commande c1_0
2025-01-13T00:01:32.491+01:00 DEBUG 31364 --- [http-nio-8888-exec-1] org.hibernate.SQL                        : select c1_0.id,c1_0.date,c1_0.description,c1_0.montant,c1_0.quantite from commande c1_0
2025-01-13T00:01:32.491+01:00 DEBUG 31364 --- [http-nio-8888-exec-2] o.s.web.servlet.DispatcherServlet        : GET "/favicon.ico", parameters={}
2025-01-13T00:01:32.506+01:00 DEBUG 31364 --- [http-nio-8888-exec-2] o.s.web.servlet.DispatcherServlet        : Completed 500 INTERNAL_SERVER_ERROR
2025-01-13T00:01:32.535+01:00 DEBUG 31364 --- [http-nio-8888-exec-1] o.s.web.servlet.DispatcherServlet        : Completed 200 OK
2025-01-13T00:01:46.267+01:00 DEBUG 31364 --- [http-nio-8888-exec-4] o.s.web.servlet.DispatcherServlet        : GET "/recentes", parameters={}
2025-01-13T00:01:46.267+01:00 DEBUG 31364 --- [http-nio-8888-exec-4] org.hibernate.SQL                        : select c1_0.id,c1_0.date,c1_0.description,c1_0.montant,c1_0.quantite from commande c1_0 where c1_0.date>?
2025-01-13T00:01:46.299+01:00 DEBUG 31364 --- [http-nio-8888-exec-4] o.s.web.servlet.DispatcherServlet        : Completed 200 OK
2025-01-13T00:01:46.367+01:00 DEBUG 31364 --- [http-nio-8888-exec-6] o.s.web.servlet.DispatcherServlet        : GET "/favicon.ico", parameters={}
2025-01-13T00:01:46.371+01:00 DEBUG 31364 --- [http-nio-8888-exec-6] o.s.web.servlet.DispatcherServlet        : Completed 500 INTERNAL_SERVER_ERROR
2025-01-13T00:01:47.137+01:00 DEBUG 31364 --- [http-nio-8888-exec-5] o.s.web.servlet.DispatcherServlet        : GET "/recentes", parameters={}
2025-01-13T00:01:47.147+01:00 DEBUG 31364 --- [http-nio-8888-exec-5] org.hibernate.SQL                        : select c1_0.id,c1_0.date,c1_0.description,c1_0.montant,c1_0.quantite from commande c1_0 where c1_0.date>?
2025-01-13T00:01:47.160+01:00 DEBUG 31364 --- [http-nio-8888-exec-5] o.s.web.servlet.DispatcherServlet        : Completed 200 OK
2025-01-13T00:01:47.229+01:00 DEBUG 31364 --- [http-nio-8888-exec-10] o.s.web.servlet.DispatcherServlet        : GET "/favicon.ico", parameters={}
2025-01-13T00:01:47.234+01:00 DEBUG 31364 --- [http-nio-8888-exec-10] o.s.web.servlet.DispatcherServlet        : Completed 500 INTERNAL_SERVER_ERROR
2025-01-13T00:03:08.895+01:00 DEBUG 31364 --- [http-nio-8888-exec-8] o.s.web.servlet.DispatcherServlet        : GET "/microservice-commandes/default", parameters={}
2025-01-13T00:03:08.936+01:00 DEBUG 31364 --- [http-nio-8888-exec-8] .s.c.c.s.s.GitCredentialsProviderFactory : No credentials provider required for URI https://github.com/Hiba2307/commande.properties
2025-01-13T00:03:09.644+01:00  INFO 31364 --- [http-nio-8888-exec-8] o.s.c.c.s.e.NativeEnvironmentRepository  : Adding property source: Config resource 'file [C:\Users\DELL\AppData\Local\Temp\config-repo-10535110807132423509\config\microservice-commandes\microservice-commandes.properties]' via location 'file:/C:/Users/DELL/AppData/Local/Temp/config-repo-10535110807132423509/config/microservice-commandes/'
2025-01-13T00:03:09.656+01:00 DEBUG 31364 --- [http-nio-8888-exec-8] o.s.web.servlet.DispatcherServlet        : Completed 200 OK
